Using pre-set license

 COMMAND LINE ARGUMENTS:
/Applications/Unity/Hub/Editor/2021.1.4f1/Unity.app/Contents/MacOS/Unity
-adb2
-batchMode
-noUpm
-name
AssetImportWorker0
-projectPath
/Users/Alex/Desktop/TSGJAM/Boost Game Jam
-logFile
Logs/AssetImportWorker0.log
-srvPort
49910
Successfully changed project path to: /Users/Alex/Desktop/TSGJAM/Boost Game Jam
/Users/Alex/Desktop/TSGJAM/Boost Game Jam
Using Asset Import Pipeline V2.
Refreshing native plugins compatible for Editor in 116.65 ms, found 2 plugins.
Preloading 0 native plugins for Editor in 0.00 ms.
Initialize engine version: 2021.1.4f1 (4cd64a618c1b)
[Subsystems] Discovering subsystems at path /Applications/Unity/Hub/Editor/2021.1.4f1/Unity.app/Contents/Resources/UnitySubsystems
[Subsystems] Discovering subsystems at path /Users/Alex/Desktop/TSGJAM/Boost Game Jam/Assets
GfxDevice: creating device client; threaded=0; jobified=0
2021-04-24 16:01:28.948 Unity[4622:47801] Color LCD preferred device: AMD Radeon R9 M370X (high power)
2021-04-24 16:01:28.948 Unity[4622:47801] Metal devices available: 2
2021-04-24 16:01:28.948 Unity[4622:47801] 0: AMD Radeon R9 M370X (high power)
2021-04-24 16:01:28.948 Unity[4622:47801] 1: Intel Iris Pro Graphics (low power)
2021-04-24 16:01:28.949 Unity[4622:47801] Using device AMD Radeon R9 M370X (high power)
Initializing Metal device caps: AMD Radeon R9 M370X
Initialize mono
Mono path[0] = '/Applications/Unity/Hub/Editor/2021.1.4f1/Unity.app/Contents/Managed'
Mono path[1] = '/Applications/Unity/Hub/Editor/2021.1.4f1/Unity.app/Contents/MonoBleedingEdge/lib/mono/unityjit'
Mono config path = '/Applications/Unity/Hub/Editor/2021.1.4f1/Unity.app/Contents/MonoBleedingEdge/etc'
Using monoOptions --debugger-agent=transport=dt_socket,embedding=1,server=y,suspend=n,address=127.0.0.1:56622
Begin MonoManager ReloadAssembly
Registering precompiled unity dll's ...
Register platform support module: /Applications/Unity/Hub/Editor/2021.1.4f1/Unity.app/Contents/PlaybackEngines/MacStandaloneSupport/UnityEditor.OSXStandalone.Extensions.dll
Register platform support module: /Applications/Unity/Hub/Editor/2021.1.4f1/PlaybackEngines/WindowsStandaloneSupport/UnityEditor.WindowsStandalone.Extensions.dll
Registered in 0.000904 seconds.
Native extension for WindowsStandalone target not found
Native extension for OSXStandalone target not found
Refreshing native plugins compatible for Editor in 118.33 ms, found 2 plugins.
Preloading 0 native plugins for Editor in 0.00 ms.
Mono: successfully reloaded assembly
- Completed reload, in  2.358 seconds
Platform modules already initialized, skipping
Registering precompiled user dll's ...
Registered in 0.007384 seconds.
Begin MonoManager ReloadAssembly
Native extension for WindowsStandalone target not found
Native extension for OSXStandalone target not found
Refreshing native plugins compatible for Editor in 127.50 ms, found 2 plugins.
Preloading 0 native plugins for Editor in 0.00 ms.
Mono: successfully reloaded assembly
- Completed reload, in  1.768 seconds
Platform modules already initialized, skipping
========================================================================
Worker process is ready to serve import requests
Launching external process: /Applications/Unity/Hub/Editor/2021.1.4f1/Unity.app/Contents/Tools/UnityShaderCompiler
Launched and connected shader compiler UnityShaderCompiler after 0.08 seconds
Refreshing native plugins compatible for Editor in 0.83 ms, found 2 plugins.
Preloading 0 native plugins for Editor in 0.00 ms.
Unloading 3370 Unused Serialized files (Serialized files now loaded: 0)
System memory in use before: 201.5 MB.
System memory in use after: 201.6 MB.

Unloading 29 unused Assets to reduce memory usage. Loaded Objects now: 3822.
Total: 4.375375 ms (FindLiveObjects: 0.535118 ms CreateObjectMapping: 0.308590 ms MarkObjects: 3.395948 ms  DeleteObjects: 0.134485 ms)

========================================================================
Received Import Request.
  path: Assets/Alex
  artifactKey: Guid(8bf24005481b84f6f8de0f621d542bac) Importer(815301076,1909f56bfc062723c751e8b465ee728b)
Start importing Assets/Alex using Guid(8bf24005481b84f6f8de0f621d542bac) Importer(815301076,1909f56bfc062723c751e8b465ee728b)  -> (artifact id: '95bb0c35e453470d92fbf5aec33c97db') in 0.006329 seconds 
========================================================================
Received Import Request.
  Time since last request: 2.245979 seconds.
  path: Assets/Alex/AlexProto.unity
  artifactKey: Guid(1e4d6bf49030843fa8a81ed5dd0cd353) Importer(815301076,1909f56bfc062723c751e8b465ee728b)
Start importing Assets/Alex/AlexProto.unity using Guid(1e4d6bf49030843fa8a81ed5dd0cd353) Importer(815301076,1909f56bfc062723c751e8b465ee728b)  -> (artifact id: 'a66a12931c2f586073d52b39c52a516a') in 0.012699 seconds 
========================================================================
Received Prepare
Registering precompiled user dll's ...
Registered in 0.005051 seconds.
Begin MonoManager ReloadAssembly
Native extension for WindowsStandalone target not found
Native extension for OSXStandalone target not found
Refreshing native plugins compatible for Editor in 0.88 ms, found 2 plugins.
Preloading 0 native plugins for Editor in 0.00 ms.
Mono: successfully reloaded assembly
- Completed reload, in  1.361 seconds
Platform modules already initialized, skipping
Refreshing native plugins compatible for Editor in 0.81 ms, found 2 plugins.
Preloading 0 native plugins for Editor in 0.00 ms.
Unloading 3370 Unused Serialized files (Serialized files now loaded: 0)
System memory in use before: 202.1 MB.
System memory in use after: 202.2 MB.

Unloading 17 unused Assets to reduce memory usage. Loaded Objects now: 3831.
Total: 3.972873 ms (FindLiveObjects: 0.500810 ms CreateObjectMapping: 0.373711 ms MarkObjects: 2.991179 ms  DeleteObjects: 0.106467 ms)

========================================================================
Received Prepare
Registering precompiled user dll's ...
Registered in 0.005685 seconds.
Begin MonoManager ReloadAssembly
Native extension for WindowsStandalone target not found
Native extension for OSXStandalone target not found
Refreshing native plugins compatible for Editor in 0.73 ms, found 2 plugins.
Preloading 0 native plugins for Editor in 0.00 ms.
Mono: successfully reloaded assembly
- Completed reload, in  1.350 seconds
Platform modules already initialized, skipping
Refreshing native plugins compatible for Editor in 0.72 ms, found 2 plugins.
Preloading 0 native plugins for Editor in 0.00 ms.
Unloading 3370 Unused Serialized files (Serialized files now loaded: 0)
System memory in use before: 202.3 MB.
System memory in use after: 202.5 MB.

Unloading 17 unused Assets to reduce memory usage. Loaded Objects now: 3835.
Total: 3.598800 ms (FindLiveObjects: 0.285632 ms CreateObjectMapping: 0.193908 ms MarkObjects: 2.994033 ms  DeleteObjects: 0.124157 ms)

========================================================================
Received Prepare
Registering precompiled user dll's ...
Registered in 0.005723 seconds.
Begin MonoManager ReloadAssembly
Native extension for WindowsStandalone target not found
Native extension for OSXStandalone target not found
Refreshing native plugins compatible for Editor in 0.71 ms, found 2 plugins.
Preloading 0 native plugins for Editor in 0.00 ms.
Mono: successfully reloaded assembly
- Completed reload, in  1.305 seconds
Platform modules already initialized, skipping
Refreshing native plugins compatible for Editor in 0.47 ms, found 2 plugins.
Preloading 0 native plugins for Editor in 0.00 ms.
Unloading 3370 Unused Serialized files (Serialized files now loaded: 0)
System memory in use before: 202.6 MB.
System memory in use after: 202.7 MB.

Unloading 17 unused Assets to reduce memory usage. Loaded Objects now: 3839.
Total: 3.150596 ms (FindLiveObjects: 0.309225 ms CreateObjectMapping: 0.229223 ms MarkObjects: 2.510264 ms  DeleteObjects: 0.100835 ms)

========================================================================
Received Import Request.
  Time since last request: 807.584086 seconds.
  path: Assets/Alex/SkryptyPlanetka
  artifactKey: Guid(a8cf31770f55148baa8db12ad87393ba) Importer(815301076,1909f56bfc062723c751e8b465ee728b)
Start importing Assets/Alex/SkryptyPlanetka using Guid(a8cf31770f55148baa8db12ad87393ba) Importer(815301076,1909f56bfc062723c751e8b465ee728b)  -> (artifact id: 'b31056312e1d8f065c2353f34261f940') in 0.007438 seconds 
========================================================================
Received Import Request.
  Time since last request: 97.126084 seconds.
  path: Assets/Alex/SkryptyPlanetka/PlanetScript.cs
  artifactKey: Guid(84dc1dc3b6c1a43cd95a428982c073d3) Importer(815301076,1909f56bfc062723c751e8b465ee728b)
Start importing Assets/Alex/SkryptyPlanetka/PlanetScript.cs using Guid(84dc1dc3b6c1a43cd95a428982c073d3) Importer(815301076,1909f56bfc062723c751e8b465ee728b)  -> (artifact id: '275e154973918c911dc883c214fae68d') in 0.340678 seconds 
========================================================================
Received Import Request.
  Time since last request: 45.865833 seconds.
  path: ProjectSettings/TagManager.asset
  artifactKey: Guid(00000000000000003000000000000000) Importer(815301076,1909f56bfc062723c751e8b465ee728b)
Start importing ProjectSettings/TagManager.asset using Guid(00000000000000003000000000000000) Importer(815301076,1909f56bfc062723c751e8b465ee728b)  -> (artifact id: '1e2f58abe6b20e4adaaad39b996e06f0') in 0.347850 seconds 
========================================================================
Received Import Request.
  Time since last request: 52.584623 seconds.
  path: Assets/Alex/Planet.prefab
  artifactKey: Guid(97e5b389dabba460a97ec1c8c8e2419e) Importer(815301076,1909f56bfc062723c751e8b465ee728b)
Start importing Assets/Alex/Planet.prefab using Guid(97e5b389dabba460a97ec1c8c8e2419e) Importer(815301076,1909f56bfc062723c751e8b465ee728b)  -> (artifact id: '8acaf73ce70fe7225bc2d0a1f8e5d8a6') in 0.352795 seconds 
========================================================================
Received Prepare
Registering precompiled user dll's ...
Registered in 0.005858 seconds.
Begin MonoManager ReloadAssembly
Native extension for WindowsStandalone target not found
Native extension for OSXStandalone target not found
Refreshing native plugins compatible for Editor in 0.80 ms, found 2 plugins.
Preloading 0 native plugins for Editor in 0.00 ms.
Mono: successfully reloaded assembly
- Completed reload, in  1.364 seconds
Platform modules already initialized, skipping
Refreshing native plugins compatible for Editor in 0.77 ms, found 2 plugins.
Preloading 0 native plugins for Editor in 0.00 ms.
Unloading 3370 Unused Serialized files (Serialized files now loaded: 0)
System memory in use before: 219.6 MB.
System memory in use after: 219.7 MB.

Unloading 18 unused Assets to reduce memory usage. Loaded Objects now: 3850.
Total: 3.666776 ms (FindLiveObjects: 0.393744 ms CreateObjectMapping: 0.372496 ms MarkObjects: 2.791517 ms  DeleteObjects: 0.108056 ms)

========================================================================
Received Prepare
Registering precompiled user dll's ...
Registered in 0.005796 seconds.
Begin MonoManager ReloadAssembly
Native extension for WindowsStandalone target not found
Native extension for OSXStandalone target not found
Refreshing native plugins compatible for Editor in 0.70 ms, found 2 plugins.
Preloading 0 native plugins for Editor in 0.00 ms.
Mono: successfully reloaded assembly
- Completed reload, in  1.309 seconds
Platform modules already initialized, skipping
Refreshing native plugins compatible for Editor in 0.68 ms, found 2 plugins.
Preloading 0 native plugins for Editor in 0.00 ms.
Unloading 3370 Unused Serialized files (Serialized files now loaded: 0)
System memory in use before: 219.8 MB.
System memory in use after: 219.9 MB.

Unloading 17 unused Assets to reduce memory usage. Loaded Objects now: 3854.
Total: 3.945864 ms (FindLiveObjects: 0.469715 ms CreateObjectMapping: 0.388187 ms MarkObjects: 2.976534 ms  DeleteObjects: 0.110627 ms)

========================================================================
Received Prepare
Registering precompiled user dll's ...
Registered in 0.005065 seconds.
Begin MonoManager ReloadAssembly
Native extension for WindowsStandalone target not found
Native extension for OSXStandalone target not found
Refreshing native plugins compatible for Editor in 0.75 ms, found 2 plugins.
Preloading 0 native plugins for Editor in 0.00 ms.
Mono: successfully reloaded assembly
- Completed reload, in  1.317 seconds
Platform modules already initialized, skipping
Refreshing native plugins compatible for Editor in 0.70 ms, found 2 plugins.
Preloading 0 native plugins for Editor in 0.00 ms.
Unloading 3370 Unused Serialized files (Serialized files now loaded: 0)
System memory in use before: 220.0 MB.
System memory in use after: 220.1 MB.

Unloading 17 unused Assets to reduce memory usage. Loaded Objects now: 3858.
Total: 3.146314 ms (FindLiveObjects: 0.327065 ms CreateObjectMapping: 0.236480 ms MarkObjects: 2.477993 ms  DeleteObjects: 0.103833 ms)

========================================================================
Received Prepare
Registering precompiled user dll's ...
Registered in 0.005765 seconds.
Begin MonoManager ReloadAssembly
Native extension for WindowsStandalone target not found
Native extension for OSXStandalone target not found
Refreshing native plugins compatible for Editor in 0.68 ms, found 2 plugins.
Preloading 0 native plugins for Editor in 0.00 ms.
Mono: successfully reloaded assembly
- Completed reload, in  1.302 seconds
Platform modules already initialized, skipping
Refreshing native plugins compatible for Editor in 0.71 ms, found 2 plugins.
Preloading 0 native plugins for Editor in 0.00 ms.
Unloading 3370 Unused Serialized files (Serialized files now loaded: 0)
System memory in use before: 220.2 MB.
System memory in use after: 220.3 MB.

Unloading 17 unused Assets to reduce memory usage. Loaded Objects now: 3862.
Total: 3.819310 ms (FindLiveObjects: 0.394028 ms CreateObjectMapping: 0.350748 ms MarkObjects: 2.950531 ms  DeleteObjects: 0.122926 ms)

========================================================================
Received Prepare
Registering precompiled user dll's ...
Registered in 0.005750 seconds.
Begin MonoManager ReloadAssembly
Native extension for WindowsStandalone target not found
Native extension for OSXStandalone target not found
Refreshing native plugins compatible for Editor in 0.79 ms, found 2 plugins.
Preloading 0 native plugins for Editor in 0.00 ms.
Mono: successfully reloaded assembly
- Completed reload, in  1.295 seconds
Platform modules already initialized, skipping
Refreshing native plugins compatible for Editor in 0.71 ms, found 2 plugins.
Preloading 0 native plugins for Editor in 0.00 ms.
Unloading 3370 Unused Serialized files (Serialized files now loaded: 0)
System memory in use before: 220.4 MB.
System memory in use after: 220.6 MB.

Unloading 17 unused Assets to reduce memory usage. Loaded Objects now: 3866.
Total: 3.650633 ms (FindLiveObjects: 0.388824 ms CreateObjectMapping: 0.389671 ms MarkObjects: 2.760686 ms  DeleteObjects: 0.110335 ms)

========================================================================
Received Prepare
Registering precompiled user dll's ...
Registered in 0.005994 seconds.
Begin MonoManager ReloadAssembly
Native extension for WindowsStandalone target not found
Native extension for OSXStandalone target not found
Refreshing native plugins compatible for Editor in 0.70 ms, found 2 plugins.
Preloading 0 native plugins for Editor in 0.00 ms.
Mono: successfully reloaded assembly
- Completed reload, in  1.339 seconds
Platform modules already initialized, skipping
Refreshing native plugins compatible for Editor in 0.79 ms, found 2 plugins.
Preloading 0 native plugins for Editor in 0.00 ms.
Unloading 3370 Unused Serialized files (Serialized files now loaded: 0)
System memory in use before: 220.6 MB.
System memory in use after: 220.8 MB.

Unloading 17 unused Assets to reduce memory usage. Loaded Objects now: 3870.
Total: 3.072034 ms (FindLiveObjects: 0.292536 ms CreateObjectMapping: 0.222861 ms MarkObjects: 2.441309 ms  DeleteObjects: 0.114383 ms)

========================================================================
Received Prepare
Registering precompiled user dll's ...
Registered in 0.006101 seconds.
Begin MonoManager ReloadAssembly
Native extension for WindowsStandalone target not found
Native extension for OSXStandalone target not found
Refreshing native plugins compatible for Editor in 0.67 ms, found 2 plugins.
Preloading 0 native plugins for Editor in 0.00 ms.
Mono: successfully reloaded assembly
- Completed reload, in  1.291 seconds
Platform modules already initialized, skipping
Refreshing native plugins compatible for Editor in 0.69 ms, found 2 plugins.
Preloading 0 native plugins for Editor in 0.00 ms.
Unloading 3370 Unused Serialized files (Serialized files now loaded: 0)
System memory in use before: 220.8 MB.
System memory in use after: 221.0 MB.

Unloading 17 unused Assets to reduce memory usage. Loaded Objects now: 3874.
Total: 3.620546 ms (FindLiveObjects: 0.392244 ms CreateObjectMapping: 0.367273 ms MarkObjects: 2.752624 ms  DeleteObjects: 0.107475 ms)

========================================================================
Received Prepare
Registering precompiled user dll's ...
Registered in 0.005010 seconds.
Begin MonoManager ReloadAssembly
Native extension for WindowsStandalone target not found
Native extension for OSXStandalone target not found
Refreshing native plugins compatible for Editor in 0.72 ms, found 2 plugins.
Preloading 0 native plugins for Editor in 0.00 ms.
Mono: successfully reloaded assembly
- Completed reload, in  1.312 seconds
Platform modules already initialized, skipping
Refreshing native plugins compatible for Editor in 0.75 ms, found 2 plugins.
Preloading 0 native plugins for Editor in 0.00 ms.
Unloading 3370 Unused Serialized files (Serialized files now loaded: 0)
System memory in use before: 221.0 MB.
System memory in use after: 221.2 MB.

Unloading 17 unused Assets to reduce memory usage. Loaded Objects now: 3878.
Total: 3.363269 ms (FindLiveObjects: 0.287648 ms CreateObjectMapping: 0.219272 ms MarkObjects: 2.745614 ms  DeleteObjects: 0.109756 ms)

========================================================================
Received Prepare
Registering precompiled user dll's ...
Registered in 0.005799 seconds.
Begin MonoManager ReloadAssembly
Native extension for WindowsStandalone target not found
Native extension for OSXStandalone target not found
Refreshing native plugins compatible for Editor in 0.66 ms, found 2 plugins.
Preloading 0 native plugins for Editor in 0.00 ms.
Mono: successfully reloaded assembly
- Completed reload, in  1.311 seconds
Platform modules already initialized, skipping
Refreshing native plugins compatible for Editor in 0.70 ms, found 2 plugins.
Preloading 0 native plugins for Editor in 0.00 ms.
Unloading 3370 Unused Serialized files (Serialized files now loaded: 0)
System memory in use before: 221.3 MB.
System memory in use after: 221.4 MB.

Unloading 17 unused Assets to reduce memory usage. Loaded Objects now: 3882.
Total: 4.008422 ms (FindLiveObjects: 0.435097 ms CreateObjectMapping: 0.367711 ms MarkObjects: 3.091843 ms  DeleteObjects: 0.112632 ms)

========================================================================
Received Prepare
Registering precompiled user dll's ...
Registered in 0.004870 seconds.
Begin MonoManager ReloadAssembly
Native extension for WindowsStandalone target not found
Native extension for OSXStandalone target not found
Refreshing native plugins compatible for Editor in 0.69 ms, found 2 plugins.
Preloading 0 native plugins for Editor in 0.00 ms.
Mono: successfully reloaded assembly
- Completed reload, in  1.323 seconds
Platform modules already initialized, skipping
Refreshing native plugins compatible for Editor in 0.68 ms, found 2 plugins.
Preloading 0 native plugins for Editor in 0.00 ms.
Unloading 3370 Unused Serialized files (Serialized files now loaded: 0)
System memory in use before: 221.5 MB.
System memory in use after: 221.6 MB.

Unloading 17 unused Assets to reduce memory usage. Loaded Objects now: 3886.
Total: 3.664188 ms (FindLiveObjects: 0.407341 ms CreateObjectMapping: 0.350469 ms MarkObjects: 2.789054 ms  DeleteObjects: 0.116301 ms)

========================================================================
Received Prepare
Registering precompiled user dll's ...
Registered in 0.005717 seconds.
Begin MonoManager ReloadAssembly
Native extension for WindowsStandalone target not found
Native extension for OSXStandalone target not found
Refreshing native plugins compatible for Editor in 0.71 ms, found 2 plugins.
Preloading 0 native plugins for Editor in 0.00 ms.
Mono: successfully reloaded assembly
- Completed reload, in  1.331 seconds
Platform modules already initialized, skipping
Refreshing native plugins compatible for Editor in 0.73 ms, found 2 plugins.
Preloading 0 native plugins for Editor in 0.00 ms.
Unloading 3370 Unused Serialized files (Serialized files now loaded: 0)
System memory in use before: 221.7 MB.
System memory in use after: 221.8 MB.

Unloading 17 unused Assets to reduce memory usage. Loaded Objects now: 3890.
Total: 3.232227 ms (FindLiveObjects: 0.336981 ms CreateObjectMapping: 0.232331 ms MarkObjects: 2.552569 ms  DeleteObjects: 0.109298 ms)

========================================================================
Received Prepare
Registering precompiled user dll's ...
Registered in 0.005718 seconds.
Begin MonoManager ReloadAssembly
Native extension for WindowsStandalone target not found
Native extension for OSXStandalone target not found
Refreshing native plugins compatible for Editor in 0.73 ms, found 2 plugins.
Preloading 0 native plugins for Editor in 0.00 ms.
Mono: successfully reloaded assembly
- Completed reload, in  1.352 seconds
Platform modules already initialized, skipping
Refreshing native plugins compatible for Editor in 0.67 ms, found 2 plugins.
Preloading 0 native plugins for Editor in 0.00 ms.
Unloading 3370 Unused Serialized files (Serialized files now loaded: 0)
System memory in use before: 221.9 MB.
System memory in use after: 222.0 MB.

Unloading 17 unused Assets to reduce memory usage. Loaded Objects now: 3894.
Total: 3.558445 ms (FindLiveObjects: 0.395626 ms CreateObjectMapping: 0.334362 ms MarkObjects: 2.713548 ms  DeleteObjects: 0.114007 ms)

========================================================================
Received Prepare
Registering precompiled user dll's ...
Registered in 0.005724 seconds.
Begin MonoManager ReloadAssembly
Native extension for WindowsStandalone target not found
Native extension for OSXStandalone target not found
Refreshing native plugins compatible for Editor in 0.69 ms, found 2 plugins.
Preloading 0 native plugins for Editor in 0.00 ms.
Mono: successfully reloaded assembly
- Completed reload, in  1.323 seconds
Platform modules already initialized, skipping
Refreshing native plugins compatible for Editor in 0.69 ms, found 2 plugins.
Preloading 0 native plugins for Editor in 0.00 ms.
Unloading 3370 Unused Serialized files (Serialized files now loaded: 0)
System memory in use before: 222.1 MB.
System memory in use after: 222.2 MB.

Unloading 17 unused Assets to reduce memory usage. Loaded Objects now: 3898.
Total: 3.857885 ms (FindLiveObjects: 0.396884 ms CreateObjectMapping: 0.345454 ms MarkObjects: 3.005486 ms  DeleteObjects: 0.109122 ms)

========================================================================
Received Prepare
Registering precompiled user dll's ...
Registered in 0.005739 seconds.
Begin MonoManager ReloadAssembly
Native extension for WindowsStandalone target not found
Native extension for OSXStandalone target not found
Refreshing native plugins compatible for Editor in 0.66 ms, found 2 plugins.
Preloading 0 native plugins for Editor in 0.00 ms.
Mono: successfully reloaded assembly
- Completed reload, in  1.297 seconds
Platform modules already initialized, skipping
Refreshing native plugins compatible for Editor in 0.70 ms, found 2 plugins.
Preloading 0 native plugins for Editor in 0.00 ms.
Unloading 3370 Unused Serialized files (Serialized files now loaded: 0)
System memory in use before: 222.3 MB.
System memory in use after: 222.4 MB.

Unloading 17 unused Assets to reduce memory usage. Loaded Objects now: 3902.
Total: 2.770950 ms (FindLiveObjects: 0.264575 ms CreateObjectMapping: 0.154861 ms MarkObjects: 2.247943 ms  DeleteObjects: 0.102435 ms)

========================================================================
Received Prepare
Registering precompiled user dll's ...
Registered in 0.005937 seconds.
Begin MonoManager ReloadAssembly
Native extension for WindowsStandalone target not found
Native extension for OSXStandalone target not found
Refreshing native plugins compatible for Editor in 0.68 ms, found 2 plugins.
Preloading 0 native plugins for Editor in 0.00 ms.
Mono: successfully reloaded assembly
- Completed reload, in  1.347 seconds
Platform modules already initialized, skipping
Refreshing native plugins compatible for Editor in 0.70 ms, found 2 plugins.
Preloading 0 native plugins for Editor in 0.00 ms.
Unloading 3370 Unused Serialized files (Serialized files now loaded: 0)
System memory in use before: 222.5 MB.
System memory in use after: 222.6 MB.

Unloading 17 unused Assets to reduce memory usage. Loaded Objects now: 3906.
Total: 3.714626 ms (FindLiveObjects: 0.379311 ms CreateObjectMapping: 0.340037 ms MarkObjects: 2.885012 ms  DeleteObjects: 0.109327 ms)

========================================================================
Received Prepare
Registering precompiled user dll's ...
Registered in 0.004895 seconds.
Begin MonoManager ReloadAssembly
Native extension for WindowsStandalone target not found
Native extension for OSXStandalone target not found
Refreshing native plugins compatible for Editor in 0.70 ms, found 2 plugins.
Preloading 0 native plugins for Editor in 0.00 ms.
Mono: successfully reloaded assembly
- Completed reload, in  1.368 seconds
Platform modules already initialized, skipping
Refreshing native plugins compatible for Editor in 0.70 ms, found 2 plugins.
Preloading 0 native plugins for Editor in 0.00 ms.
Unloading 3370 Unused Serialized files (Serialized files now loaded: 0)
System memory in use before: 222.7 MB.
System memory in use after: 222.8 MB.

Unloading 17 unused Assets to reduce memory usage. Loaded Objects now: 3910.
Total: 3.703601 ms (FindLiveObjects: 0.439457 ms CreateObjectMapping: 0.370001 ms MarkObjects: 2.779200 ms  DeleteObjects: 0.113662 ms)

========================================================================
Received Prepare
Registering precompiled user dll's ...
Registered in 0.005612 seconds.
Begin MonoManager ReloadAssembly
Native extension for WindowsStandalone target not found
Native extension for OSXStandalone target not found
Refreshing native plugins compatible for Editor in 0.76 ms, found 2 plugins.
Preloading 0 native plugins for Editor in 0.00 ms.
Mono: successfully reloaded assembly
- Completed reload, in  1.339 seconds
Platform modules already initialized, skipping
Refreshing native plugins compatible for Editor in 0.71 ms, found 2 plugins.
Preloading 0 native plugins for Editor in 0.00 ms.
Unloading 3370 Unused Serialized files (Serialized files now loaded: 0)
System memory in use before: 222.9 MB.
System memory in use after: 223.0 MB.

Unloading 17 unused Assets to reduce memory usage. Loaded Objects now: 3914.
Total: 3.601587 ms (FindLiveObjects: 0.404271 ms CreateObjectMapping: 0.341417 ms MarkObjects: 2.739626 ms  DeleteObjects: 0.115520 ms)

========================================================================
Received Prepare
Registering precompiled user dll's ...
Registered in 0.005632 seconds.
Begin MonoManager ReloadAssembly
Native extension for WindowsStandalone target not found
Native extension for OSXStandalone target not found
Refreshing native plugins compatible for Editor in 0.76 ms, found 2 plugins.
Preloading 0 native plugins for Editor in 0.00 ms.
Mono: successfully reloaded assembly
- Completed reload, in  1.389 seconds
Platform modules already initialized, skipping
Refreshing native plugins compatible for Editor in 0.68 ms, found 2 plugins.
Preloading 0 native plugins for Editor in 0.00 ms.
Unloading 3370 Unused Serialized files (Serialized files now loaded: 0)
System memory in use before: 223.1 MB.
System memory in use after: 223.2 MB.

Unloading 17 unused Assets to reduce memory usage. Loaded Objects now: 3918.
Total: 3.097005 ms (FindLiveObjects: 0.353789 ms CreateObjectMapping: 0.214152 ms MarkObjects: 2.422065 ms  DeleteObjects: 0.105929 ms)

========================================================================
Received Prepare
Registering precompiled user dll's ...
Registered in 0.005845 seconds.
Begin MonoManager ReloadAssembly
Native extension for WindowsStandalone target not found
Native extension for OSXStandalone target not found
Refreshing native plugins compatible for Editor in 0.72 ms, found 2 plugins.
Preloading 0 native plugins for Editor in 0.00 ms.
Mono: successfully reloaded assembly
- Completed reload, in  1.317 seconds
Platform modules already initialized, skipping
Refreshing native plugins compatible for Editor in 0.83 ms, found 2 plugins.
Preloading 0 native plugins for Editor in 0.00 ms.
Unloading 3370 Unused Serialized files (Serialized files now loaded: 0)
System memory in use before: 223.3 MB.
System memory in use after: 223.4 MB.

Unloading 17 unused Assets to reduce memory usage. Loaded Objects now: 3922.
Total: 4.050022 ms (FindLiveObjects: 0.456220 ms CreateObjectMapping: 0.412528 ms MarkObjects: 2.969189 ms  DeleteObjects: 0.210704 ms)

========================================================================
Received Prepare
Registering precompiled user dll's ...
Registered in 0.006311 seconds.
Begin MonoManager ReloadAssembly
Native extension for WindowsStandalone target not found
Native extension for OSXStandalone target not found
Refreshing native plugins compatible for Editor in 0.76 ms, found 2 plugins.
Preloading 0 native plugins for Editor in 0.00 ms.
Mono: successfully reloaded assembly
- Completed reload, in  1.397 seconds
Platform modules already initialized, skipping
Refreshing native plugins compatible for Editor in 0.75 ms, found 2 plugins.
Preloading 0 native plugins for Editor in 0.00 ms.
Unloading 3370 Unused Serialized files (Serialized files now loaded: 0)
System memory in use before: 223.5 MB.
System memory in use after: 223.6 MB.

Unloading 17 unused Assets to reduce memory usage. Loaded Objects now: 3926.
Total: 3.972870 ms (FindLiveObjects: 0.486256 ms CreateObjectMapping: 0.349417 ms MarkObjects: 3.011537 ms  DeleteObjects: 0.123513 ms)

========================================================================
Received Prepare
Registering precompiled user dll's ...
Registered in 0.004908 seconds.
Begin MonoManager ReloadAssembly
Native extension for WindowsStandalone target not found
Native extension for OSXStandalone target not found
Refreshing native plugins compatible for Editor in 0.71 ms, found 2 plugins.
Preloading 0 native plugins for Editor in 0.00 ms.
Mono: successfully reloaded assembly
- Completed reload, in  1.390 seconds
Platform modules already initialized, skipping
Refreshing native plugins compatible for Editor in 0.75 ms, found 2 plugins.
Preloading 0 native plugins for Editor in 0.00 ms.
Unloading 3370 Unused Serialized files (Serialized files now loaded: 0)
System memory in use before: 223.7 MB.
System memory in use after: 223.9 MB.

Unloading 17 unused Assets to reduce memory usage. Loaded Objects now: 3930.
Total: 3.682459 ms (FindLiveObjects: 0.319540 ms CreateObjectMapping: 0.221556 ms MarkObjects: 3.029331 ms  DeleteObjects: 0.111056 ms)

========================================================================
Received Import Request.
  Time since last request: 2150.045059 seconds.
  path: Assets/Alex/Animacje/Black
  artifactKey: Guid(d5823873d1a544f2aa93f1538e3bcd31) Importer(815301076,1909f56bfc062723c751e8b465ee728b)
Start importing Assets/Alex/Animacje/Black using Guid(d5823873d1a544f2aa93f1538e3bcd31) Importer(815301076,1909f56bfc062723c751e8b465ee728b)  -> (artifact id: 'fe9ec6537debf5c15b4e0bc225adf61b') in 0.006489 seconds 
========================================================================
Received Import Request.
  Time since last request: 0.641254 seconds.
  path: Assets/Alex/Animacje/Red
  artifactKey: Guid(170c81c4a4c7b45a0b01cc7de57dbd65) Importer(815301076,1909f56bfc062723c751e8b465ee728b)
Start importing Assets/Alex/Animacje/Red using Guid(170c81c4a4c7b45a0b01cc7de57dbd65) Importer(815301076,1909f56bfc062723c751e8b465ee728b)  -> (artifact id: 'b8e9059d5b650e0e5c1560b53bb756ba') in 0.000982 seconds 
========================================================================
Received Prepare
Registering precompiled user dll's ...
Registered in 0.005466 seconds.
Begin MonoManager ReloadAssembly
Native extension for WindowsStandalone target not found
Native extension for OSXStandalone target not found
Refreshing native plugins compatible for Editor in 0.79 ms, found 2 plugins.
Preloading 0 native plugins for Editor in 0.00 ms.
Mono: successfully reloaded assembly
- Completed reload, in  1.415 seconds
Platform modules already initialized, skipping
Refreshing native plugins compatible for Editor in 0.69 ms, found 2 plugins.
Preloading 0 native plugins for Editor in 0.00 ms.
Unloading 3371 Unused Serialized files (Serialized files now loaded: 0)
System memory in use before: 224.0 MB.
System memory in use after: 224.1 MB.

Unloading 17 unused Assets to reduce memory usage. Loaded Objects now: 3935.
Total: 3.776986 ms (FindLiveObjects: 0.293915 ms CreateObjectMapping: 0.164950 ms MarkObjects: 3.149824 ms  DeleteObjects: 0.167361 ms)

========================================================================
Received Prepare
Registering precompiled user dll's ...
Registered in 0.005239 seconds.
Begin MonoManager ReloadAssembly
Native extension for WindowsStandalone target not found
Native extension for OSXStandalone target not found
Refreshing native plugins compatible for Editor in 0.81 ms, found 2 plugins.
Preloading 0 native plugins for Editor in 0.00 ms.
Mono: successfully reloaded assembly
- Completed reload, in  1.453 seconds
Platform modules already initialized, skipping
Refreshing native plugins compatible for Editor in 0.85 ms, found 2 plugins.
Preloading 0 native plugins for Editor in 0.00 ms.
Unloading 3371 Unused Serialized files (Serialized files now loaded: 0)
System memory in use before: 224.2 MB.
System memory in use after: 224.3 MB.

Unloading 17 unused Assets to reduce memory usage. Loaded Objects now: 3939.
Total: 3.702888 ms (FindLiveObjects: 0.382094 ms CreateObjectMapping: 0.331513 ms MarkObjects: 2.871678 ms  DeleteObjects: 0.116578 ms)

========================================================================
Received Prepare
Registering precompiled user dll's ...
Registered in 0.006178 seconds.
Begin MonoManager ReloadAssembly
Native extension for WindowsStandalone target not found
Native extension for OSXStandalone target not found
Refreshing native plugins compatible for Editor in 0.70 ms, found 2 plugins.
Preloading 0 native plugins for Editor in 0.00 ms.
Mono: successfully reloaded assembly
- Completed reload, in  1.357 seconds
Platform modules already initialized, skipping
Refreshing native plugins compatible for Editor in 0.70 ms, found 2 plugins.
Preloading 0 native plugins for Editor in 0.00 ms.
Unloading 3371 Unused Serialized files (Serialized files now loaded: 0)
System memory in use before: 224.4 MB.
System memory in use after: 224.5 MB.

Unloading 17 unused Assets to reduce memory usage. Loaded Objects now: 3943.
Total: 3.844856 ms (FindLiveObjects: 0.448816 ms CreateObjectMapping: 0.382724 ms MarkObjects: 2.880703 ms  DeleteObjects: 0.131848 ms)

========================================================================
Received Prepare
Registering precompiled user dll's ...
Registered in 0.005726 seconds.
Begin MonoManager ReloadAssembly
Native extension for WindowsStandalone target not found
Native extension for OSXStandalone target not found
Refreshing native plugins compatible for Editor in 0.71 ms, found 2 plugins.
Preloading 0 native plugins for Editor in 0.00 ms.
Mono: successfully reloaded assembly
- Completed reload, in  1.366 seconds
Platform modules already initialized, skipping
Refreshing native plugins compatible for Editor in 0.69 ms, found 2 plugins.
Preloading 0 native plugins for Editor in 0.00 ms.
Unloading 3371 Unused Serialized files (Serialized files now loaded: 0)
System memory in use before: 224.6 MB.
System memory in use after: 224.7 MB.

Unloading 17 unused Assets to reduce memory usage. Loaded Objects now: 3947.
Total: 3.749081 ms (FindLiveObjects: 0.395076 ms CreateObjectMapping: 0.381797 ms MarkObjects: 2.857685 ms  DeleteObjects: 0.113474 ms)

========================================================================
Received Prepare
Registering precompiled user dll's ...
Registered in 0.005705 seconds.
Begin MonoManager ReloadAssembly
Native extension for WindowsStandalone target not found
Native extension for OSXStandalone target not found
Refreshing native plugins compatible for Editor in 0.91 ms, found 2 plugins.
Preloading 0 native plugins for Editor in 0.00 ms.
Mono: successfully reloaded assembly
- Completed reload, in  1.351 seconds
Platform modules already initialized, skipping
Refreshing native plugins compatible for Editor in 0.80 ms, found 2 plugins.
Preloading 0 native plugins for Editor in 0.00 ms.
Unloading 3371 Unused Serialized files (Serialized files now loaded: 0)
System memory in use before: 224.8 MB.
System memory in use after: 224.9 MB.

Unloading 17 unused Assets to reduce memory usage. Loaded Objects now: 3951.
Total: 3.684398 ms (FindLiveObjects: 0.398003 ms CreateObjectMapping: 0.340769 ms MarkObjects: 2.836944 ms  DeleteObjects: 0.107686 ms)

========================================================================
Received Prepare
Registering precompiled user dll's ...
Registered in 0.006040 seconds.
Begin MonoManager ReloadAssembly
Native extension for WindowsStandalone target not found
Native extension for OSXStandalone target not found
Refreshing native plugins compatible for Editor in 0.68 ms, found 2 plugins.
Preloading 0 native plugins for Editor in 0.00 ms.
Mono: successfully reloaded assembly
- Completed reload, in  1.327 seconds
Platform modules already initialized, skipping
Refreshing native plugins compatible for Editor in 0.71 ms, found 2 plugins.
Preloading 0 native plugins for Editor in 0.00 ms.
Unloading 3371 Unused Serialized files (Serialized files now loaded: 0)
System memory in use before: 225.0 MB.
System memory in use after: 225.1 MB.

Unloading 17 unused Assets to reduce memory usage. Loaded Objects now: 3955.
Total: 3.640253 ms (FindLiveObjects: 0.395582 ms CreateObjectMapping: 0.351622 ms MarkObjects: 2.783735 ms  DeleteObjects: 0.108322 ms)

========================================================================
Received Prepare
Registering precompiled user dll's ...
Registered in 0.005573 seconds.
Begin MonoManager ReloadAssembly
Native extension for WindowsStandalone target not found
Native extension for OSXStandalone target not found
Refreshing native plugins compatible for Editor in 0.82 ms, found 2 plugins.
Preloading 0 native plugins for Editor in 0.00 ms.
Mono: successfully reloaded assembly
- Completed reload, in  1.371 seconds
Platform modules already initialized, skipping
Refreshing native plugins compatible for Editor in 0.73 ms, found 2 plugins.
Preloading 0 native plugins for Editor in 0.00 ms.
Unloading 3371 Unused Serialized files (Serialized files now loaded: 0)
System memory in use before: 225.2 MB.
System memory in use after: 225.3 MB.

Unloading 17 unused Assets to reduce memory usage. Loaded Objects now: 3959.
Total: 3.143206 ms (FindLiveObjects: 0.297320 ms CreateObjectMapping: 0.213451 ms MarkObjects: 2.509200 ms  DeleteObjects: 0.122324 ms)

========================================================================
Received Prepare
Registering precompiled user dll's ...
Registered in 0.007209 seconds.
Begin MonoManager ReloadAssembly
Native extension for WindowsStandalone target not found
Native extension for OSXStandalone target not found
Refreshing native plugins compatible for Editor in 0.69 ms, found 2 plugins.
Preloading 0 native plugins for Editor in 0.00 ms.
Mono: successfully reloaded assembly
- Completed reload, in  1.360 seconds
Platform modules already initialized, skipping
Refreshing native plugins compatible for Editor in 0.69 ms, found 2 plugins.
Preloading 0 native plugins for Editor in 0.00 ms.
Unloading 3371 Unused Serialized files (Serialized files now loaded: 0)
System memory in use before: 225.4 MB.
System memory in use after: 225.5 MB.

Unloading 17 unused Assets to reduce memory usage. Loaded Objects now: 3963.
Total: 2.780763 ms (FindLiveObjects: 0.283891 ms CreateObjectMapping: 0.139009 ms MarkObjects: 2.252192 ms  DeleteObjects: 0.104781 ms)

========================================================================
Received Prepare
Registering precompiled user dll's ...
Registered in 0.005822 seconds.
Begin MonoManager ReloadAssembly
Native extension for WindowsStandalone target not found
Native extension for OSXStandalone target not found
Refreshing native plugins compatible for Editor in 0.68 ms, found 2 plugins.
Preloading 0 native plugins for Editor in 0.00 ms.
Mono: successfully reloaded assembly
- Completed reload, in  1.323 seconds
Platform modules already initialized, skipping
Refreshing native plugins compatible for Editor in 0.68 ms, found 2 plugins.
Preloading 0 native plugins for Editor in 0.00 ms.
Unloading 3371 Unused Serialized files (Serialized files now loaded: 0)
System memory in use before: 225.6 MB.
System memory in use after: 225.7 MB.

Unloading 17 unused Assets to reduce memory usage. Loaded Objects now: 3967.
Total: 4.009418 ms (FindLiveObjects: 0.469305 ms CreateObjectMapping: 0.395675 ms MarkObjects: 3.025571 ms  DeleteObjects: 0.118036 ms)

========================================================================
Received Prepare
Registering precompiled user dll's ...
Registered in 0.005383 seconds.
Begin MonoManager ReloadAssembly
Native extension for WindowsStandalone target not found
Native extension for OSXStandalone target not found
Refreshing native plugins compatible for Editor in 0.70 ms, found 2 plugins.
Preloading 0 native plugins for Editor in 0.00 ms.
Mono: successfully reloaded assembly
- Completed reload, in  1.356 seconds
Platform modules already initialized, skipping
Refreshing native plugins compatible for Editor in 0.80 ms, found 2 plugins.
Preloading 0 native plugins for Editor in 0.00 ms.
Unloading 3371 Unused Serialized files (Serialized files now loaded: 0)
System memory in use before: 225.8 MB.
System memory in use after: 225.9 MB.

Unloading 17 unused Assets to reduce memory usage. Loaded Objects now: 3971.
Total: 3.893800 ms (FindLiveObjects: 0.433869 ms CreateObjectMapping: 0.336445 ms MarkObjects: 3.013614 ms  DeleteObjects: 0.108589 ms)

========================================================================
Received Prepare
Registering precompiled user dll's ...
Registered in 0.005133 seconds.
Begin MonoManager ReloadAssembly
Native extension for WindowsStandalone target not found
Native extension for OSXStandalone target not found
Refreshing native plugins compatible for Editor in 0.71 ms, found 2 plugins.
Preloading 0 native plugins for Editor in 0.00 ms.
Mono: successfully reloaded assembly
- Completed reload, in  1.402 seconds
Platform modules already initialized, skipping
Refreshing native plugins compatible for Editor in 0.70 ms, found 2 plugins.
Preloading 0 native plugins for Editor in 0.00 ms.
Unloading 3371 Unused Serialized files (Serialized files now loaded: 0)
System memory in use before: 226.1 MB.
System memory in use after: 226.2 MB.

Unloading 17 unused Assets to reduce memory usage. Loaded Objects now: 3975.
Total: 3.701336 ms (FindLiveObjects: 0.405506 ms CreateObjectMapping: 0.350028 ms MarkObjects: 2.829863 ms  DeleteObjects: 0.114796 ms)

========================================================================
Received Prepare
Registering precompiled user dll's ...
Registered in 0.005925 seconds.
Begin MonoManager ReloadAssembly
Native extension for WindowsStandalone target not found
Native extension for OSXStandalone target not found
Refreshing native plugins compatible for Editor in 0.79 ms, found 2 plugins.
Preloading 0 native plugins for Editor in 0.00 ms.
Mono: successfully reloaded assembly
- Completed reload, in  1.327 seconds
Platform modules already initialized, skipping
Refreshing native plugins compatible for Editor in 0.73 ms, found 2 plugins.
Preloading 0 native plugins for Editor in 0.00 ms.
Unloading 3371 Unused Serialized files (Serialized files now loaded: 0)
System memory in use before: 226.3 MB.
System memory in use after: 226.4 MB.

Unloading 17 unused Assets to reduce memory usage. Loaded Objects now: 3979.
Total: 3.106929 ms (FindLiveObjects: 0.374027 ms CreateObjectMapping: 0.137612 ms MarkObjects: 2.491087 ms  DeleteObjects: 0.103346 ms)

========================================================================
Received Prepare
Registering precompiled user dll's ...
Registered in 0.005605 seconds.
Begin MonoManager ReloadAssembly
Native extension for WindowsStandalone target not found
Native extension for OSXStandalone target not found
Refreshing native plugins compatible for Editor in 0.72 ms, found 2 plugins.
Preloading 0 native plugins for Editor in 0.00 ms.
Mono: successfully reloaded assembly
- Completed reload, in  1.333 seconds
Platform modules already initialized, skipping
Refreshing native plugins compatible for Editor in 0.67 ms, found 2 plugins.
Preloading 0 native plugins for Editor in 0.00 ms.
Unloading 3371 Unused Serialized files (Serialized files now loaded: 0)
System memory in use before: 226.5 MB.
System memory in use after: 226.6 MB.

Unloading 17 unused Assets to reduce memory usage. Loaded Objects now: 3983.
Total: 3.969387 ms (FindLiveObjects: 0.418689 ms CreateObjectMapping: 0.379244 ms MarkObjects: 3.062376 ms  DeleteObjects: 0.108231 ms)

========================================================================
Received Prepare
Registering precompiled user dll's ...
Registered in 0.005219 seconds.
Begin MonoManager ReloadAssembly
Native extension for WindowsStandalone target not found
Native extension for OSXStandalone target not found
Refreshing native plugins compatible for Editor in 0.69 ms, found 2 plugins.
Preloading 0 native plugins for Editor in 0.00 ms.
Mono: successfully reloaded assembly
- Completed reload, in  1.336 seconds
Platform modules already initialized, skipping
Refreshing native plugins compatible for Editor in 0.68 ms, found 2 plugins.
Preloading 0 native plugins for Editor in 0.00 ms.
Unloading 3371 Unused Serialized files (Serialized files now loaded: 0)
System memory in use before: 226.7 MB.
System memory in use after: 226.8 MB.

Unloading 17 unused Assets to reduce memory usage. Loaded Objects now: 3987.
Total: 3.840433 ms (FindLiveObjects: 0.444794 ms CreateObjectMapping: 0.350485 ms MarkObjects: 2.934097 ms  DeleteObjects: 0.110174 ms)

========================================================================
Received Prepare
Registering precompiled user dll's ...
Registered in 0.005340 seconds.
Begin MonoManager ReloadAssembly
Native extension for WindowsStandalone target not found
Native extension for OSXStandalone target not found
Refreshing native plugins compatible for Editor in 0.74 ms, found 2 plugins.
Preloading 0 native plugins for Editor in 0.00 ms.
Mono: successfully reloaded assembly
- Completed reload, in  1.327 seconds
Platform modules already initialized, skipping
Refreshing native plugins compatible for Editor in 0.70 ms, found 2 plugins.
Preloading 0 native plugins for Editor in 0.00 ms.
Unloading 3371 Unused Serialized files (Serialized files now loaded: 0)
System memory in use before: 226.9 MB.
System memory in use after: 227.0 MB.

Unloading 17 unused Assets to reduce memory usage. Loaded Objects now: 3991.
Total: 3.862683 ms (FindLiveObjects: 0.457114 ms CreateObjectMapping: 0.362235 ms MarkObjects: 2.933902 ms  DeleteObjects: 0.108381 ms)

========================================================================
Received Prepare
Registering precompiled user dll's ...
Registered in 0.005198 seconds.
Begin MonoManager ReloadAssembly
Native extension for WindowsStandalone target not found
Native extension for OSXStandalone target not found
Refreshing native plugins compatible for Editor in 0.69 ms, found 2 plugins.
Preloading 0 native plugins for Editor in 0.00 ms.
Mono: successfully reloaded assembly
- Completed reload, in  1.322 seconds
Platform modules already initialized, skipping
Refreshing native plugins compatible for Editor in 0.70 ms, found 2 plugins.
Preloading 0 native plugins for Editor in 0.00 ms.
Unloading 3371 Unused Serialized files (Serialized files now loaded: 0)
System memory in use before: 227.1 MB.
System memory in use after: 227.2 MB.

Unloading 17 unused Assets to reduce memory usage. Loaded Objects now: 3995.
Total: 3.614429 ms (FindLiveObjects: 0.405527 ms CreateObjectMapping: 0.351407 ms MarkObjects: 2.748370 ms  DeleteObjects: 0.107997 ms)

========================================================================
Received Import Request.
  Time since last request: 964.552740 seconds.
  path: Assets
  artifactKey: Guid(00000000000000001000000000000000) Importer(815301076,1909f56bfc062723c751e8b465ee728b)
Start importing Assets using Guid(00000000000000001000000000000000) Importer(815301076,1909f56bfc062723c751e8b465ee728b)  -> (artifact id: '9222b99937b918022a9cc33b6e833563') in 0.008072 seconds 
========================================================================
Received Prepare
Registering precompiled user dll's ...
Registered in 0.005950 seconds.
Begin MonoManager ReloadAssembly
Native extension for WindowsStandalone target not found
Native extension for OSXStandalone target not found
Refreshing native plugins compatible for Editor in 1.15 ms, found 2 plugins.
Preloading 0 native plugins for Editor in 0.00 ms.
Mono: successfully reloaded assembly
- Completed reload, in  1.498 seconds
Platform modules already initialized, skipping
Refreshing native plugins compatible for Editor in 0.67 ms, found 2 plugins.
Preloading 0 native plugins for Editor in 0.00 ms.
Unloading 3371 Unused Serialized files (Serialized files now loaded: 0)
System memory in use before: 227.3 MB.
System memory in use after: 227.4 MB.

Unloading 17 unused Assets to reduce memory usage. Loaded Objects now: 3999.
Total: 3.757309 ms (FindLiveObjects: 0.783094 ms CreateObjectMapping: 0.354802 ms MarkObjects: 2.505146 ms  DeleteObjects: 0.112943 ms)

========================================================================
Received Prepare
Registering precompiled user dll's ...
Registered in 0.005528 seconds.
Begin MonoManager ReloadAssembly
Native extension for WindowsStandalone target not found
Native extension for OSXStandalone target not found
Refreshing native plugins compatible for Editor in 0.77 ms, found 2 plugins.
Preloading 0 native plugins for Editor in 0.00 ms.
Mono: successfully reloaded assembly
- Completed reload, in  1.432 seconds
Platform modules already initialized, skipping
Refreshing native plugins compatible for Editor in 0.70 ms, found 2 plugins.
Preloading 0 native plugins for Editor in 0.00 ms.
Unloading 3371 Unused Serialized files (Serialized files now loaded: 0)
System memory in use before: 227.5 MB.
System memory in use after: 227.6 MB.

Unloading 17 unused Assets to reduce memory usage. Loaded Objects now: 4003.
Total: 3.669195 ms (FindLiveObjects: 0.439612 ms CreateObjectMapping: 0.239086 ms MarkObjects: 2.816558 ms  DeleteObjects: 0.172393 ms)

